<?xml version="1.0" encoding="UTF-8"?>
<!-- Generated by org.testng.reporters.JUnitXMLReporter -->
<testsuite ignored="0" hostname="QT-INBG-LT1951" failures="2" tests="24" name="Test" time="14.876" errors="0" timestamp="2022-09-15T15:07:49 IST">
  <testcase classname="Signin" name="launchBrowser" time="2.767"/>
  <testcase classname="Signin" name="enterUserName" time="0.078"/>
  <testcase classname="Signin" name="enterPassword" time="0.071"/>
  <testcase classname="Signin" name="clickOnLogin" time="2.905"/>
  <testcase classname="AllMobiles" name="launchBrowser" time="2.165"/>
  <testcase classname="AllMobiles" name="allMobiles" time="0.403"/>
  <testcase classname="AllMobiles" name="searchLenovo" time="0.14"/>
  <testcase classname="AllMobiles" name="searchSamsung" time="0.096"/>
  <testcase classname="AllMobiles" name="wrongApple" time="0.101"/>
  <testcase classname="AllMobiles" name="wrongSamsung" time="0.072"/>
  <testcase classname="AllMobiles" name="twoCharacter" time="0.103"/>
  <testcase classname="AllMobiles" name="InvalidMob" time="0.108"/>
  <testcase classname="AllMobiles" name="order" time="0.002">
    <failure type="java.lang.Error" message="Unresolved compilation problems: 
	Syntax error, insert &amp;quot;)&amp;quot; to complete MethodInvocation
	Syntax error, insert &amp;quot;;&amp;quot; to complete Statement
	By cannot be resolved to a variable
">
      <![CDATA[java.lang.Error: Unresolved compilation problems: 
Syntax error, insert ")" to complete MethodInvocation
Syntax error, insert ";" to complete Statement
By cannot be resolved to a variable

at AllMobiles.order(AllMobiles.java:81)
at java.base/java.util.ArrayList.forEach(ArrayList.java:1511)
... Removed 27 stack frames]]>
    </failure>
  </testcase> <!-- order -->
  <testcase classname="Signup" name="launchBrowser" time="2.226"/>
  <testcase classname="Signup" name="clickOnSignUp" time="0.776"/>
  <testcase classname="Signup" name="enterFirstName" time="0.078"/>
  <testcase classname="Signup" name="enterLastName" time="0.061"/>
  <testcase classname="Signup" name="enterMail" time="0.109"/>
  <testcase classname="Signup" name="enterPassword" time="0.067"/>
  <testcase classname="Signup" name="enterDOB" time="0.062"/>
  <testcase classname="Signup" name="selectGender" time="0.062"/>
  <testcase classname="Signup" name="enterPhoneNumber" time="0.071"/>
  <testcase classname="Signup" name="clickOnRegister" time="2.151"/>
  <testcase classname="Signup" name="clickOnSignIn" time="0.103">
    <failure type="org.openqa.selenium.WebDriverException" message="unknown error: unhandled inspector error: {&amp;quot;code&amp;quot;:-32000,&amp;quot;message&amp;quot;:&amp;quot;Not attached to an active page&amp;quot;}
  (Session info: chrome=105.0.5195.102)
Build info: version: &amp;apos;4.4.0&amp;apos;, revision: &amp;apos;e5c75ed026a&amp;apos;
System info: host: &amp;apos;QT-INBG-LT1951&amp;apos;, ip: &amp;apos;10.20.15.110&amp;apos;, os.name: &amp;apos;Windows 10&amp;apos;, os.arch: &amp;apos;amd64&amp;apos;, os.version: &amp;apos;10.0&amp;apos;, java.version: &amp;apos;17.0.4.1&amp;apos;
Driver info: org.openqa.selenium.chrome.ChromeDriver
Command: [b8b3b74f8bbf32e467522e4d23c80359, acceptAlert {}]
Capabilities {acceptInsecureCerts: false, browserName: chrome, browserVersion: 105.0.5195.102, chrome: {chromedriverVersion: 105.0.5195.52 (412c95e51883..., userDataDir: C:\Users\kamala.d\AppData\L...}, goog:chromeOptions: {debuggerAddress: localhost:54430}, networkConnectionEnabled: false, pageLoadStrategy: normal, platformName: WINDOWS, proxy: Proxy(), se:cdp: ws://localhost:54430/devtoo..., se:cdpVersion: 105.0.5195.102, setWindowRect: true, strictFileInteractability: false, timeouts: {implicit: 0, pageLoad: 300000, script: 30000}, unhandledPromptBehavior: dismiss and notify, webauthn:extension:credBlob: true, webauthn:extension:largeBlob: true, webauthn:virtualAuthenticators: true}
Session ID: b8b3b74f8bbf32e467522e4d23c80359">
      <![CDATA[org.openqa.selenium.WebDriverException: unknown error: unhandled inspector error: {"code":-32000,"message":"Not attached to an active page"}
  (Session info: chrome=105.0.5195.102)
Build info: version: '4.4.0', revision: 'e5c75ed026a'
System info: host: 'QT-INBG-LT1951', ip: '10.20.15.110', os.name: 'Windows 10', os.arch: 'amd64', os.version: '10.0', java.version: '17.0.4.1'
Driver info: org.openqa.selenium.chrome.ChromeDriver
Command: [b8b3b74f8bbf32e467522e4d23c80359, acceptAlert {}]
Capabilities {acceptInsecureCerts: false, browserName: chrome, browserVersion: 105.0.5195.102, chrome: {chromedriverVersion: 105.0.5195.52 (412c95e51883..., userDataDir: C:\Users\kamala.d\AppData\L...}, goog:chromeOptions: {debuggerAddress: localhost:54430}, networkConnectionEnabled: false, pageLoadStrategy: normal, platformName: WINDOWS, proxy: Proxy(), se:cdp: ws://localhost:54430/devtoo..., se:cdpVersion: 105.0.5195.102, setWindowRect: true, strictFileInteractability: false, timeouts: {implicit: 0, pageLoad: 300000, script: 30000}, unhandledPromptBehavior: dismiss and notify, webauthn:extension:credBlob: true, webauthn:extension:largeBlob: true, webauthn:virtualAuthenticators: true}
Session ID: b8b3b74f8bbf32e467522e4d23c80359
at org.openqa.selenium.remote.codec.w3c.W3CHttpResponseCodec.createException(W3CHttpResponseCodec.java:200)
at org.openqa.selenium.remote.codec.w3c.W3CHttpResponseCodec.decode(W3CHttpResponseCodec.java:133)
at org.openqa.selenium.remote.codec.w3c.W3CHttpResponseCodec.decode(W3CHttpResponseCodec.java:53)
at org.openqa.selenium.remote.HttpCommandExecutor.execute(HttpCommandExecutor.java:184)
at org.openqa.selenium.remote.service.DriverCommandExecutor.invokeExecute(DriverCommandExecutor.java:167)
at org.openqa.selenium.remote.service.DriverCommandExecutor.execute(DriverCommandExecutor.java:142)
at org.openqa.selenium.remote.RemoteWebDriver.execute(RemoteWebDriver.java:547)
at org.openqa.selenium.remote.RemoteWebDriver.execute(RemoteWebDriver.java:602)
at org.openqa.selenium.remote.RemoteWebDriver.execute(RemoteWebDriver.java:606)
at org.openqa.selenium.remote.RemoteWebDriver$RemoteAlert.accept(RemoteWebDriver.java:1145)
at Signup.clickOnSignIn(Signup.java:63)
at java.base/java.util.ArrayList.forEach(ArrayList.java:1511)
... Removed 32 stack frames]]>
    </failure>
  </testcase> <!-- clickOnSignIn -->
</testsuite> <!-- Test -->
